<?xml version="1.0" encoding="UTF-8"?>
<testng-results skipped="0" failed="0" total="1" passed="1">
  <reporter-output>
  </reporter-output>
  <suite name="Default suite" duration-ms="30893" started-at="2016-06-29T05:51:44Z" finished-at="2016-06-29T05:52:15Z">
    <groups>
    </groups>
    <test name="Default test" duration-ms="30893" started-at="2016-06-29T05:51:44Z" finished-at="2016-06-29T05:52:15Z">
      <class name="com.intuit.TestJenkins">
        <test-method status="PASS" signature="testJenkins()[pri:0, instance:com.intuit.TestJenkins@14583a4e]" name="testJenkins" duration-ms="30867" started-at="2016-06-29T13:51:44Z" finished-at="2016-06-29T13:52:15Z">
          <reporter-output>
          </reporter-output>
        </test-method> <!-- testJenkins -->
      </class> <!-- com.intuit.TestJenkins -->
    </test> <!-- Default test -->
  </suite> <!-- Default suite -->
</testng-results>
